<?xml version="1.0" encoding="UTF-8"?>
<!-- Generated by org.testng.reporters.JUnitXMLReporter -->
<testsuite ignored="8" hostname="DESKTOP-EROT39V" failures="0" tests="9" name="Test" time="3.938" errors="0" timestamp="2025-05-22T13:39:22 IST">
  <testcase classname="apis.CreateUserTest" name="createUserNegative" time="2.732"/>
  <testcase classname="apis.GetUserByNameTest" name="getUserNegative" time="2.739"/>
  <testcase classname="apis.DeleteUserTest" name="deleteUserNegative" time="2.731"/>
  <testcase classname="apis.CreateUserTest" name="createUserPositive" time="2.736"/>
  <testcase classname="apis.GetUserByNameTest" name="getUserPositive" time="2.747">
    <skipped/>
  </testcase> <!-- getUserPositive -->
  <testcase classname="apis.UpdateUserTest" name="updateUserPositive" time="1.136"/>
  <testcase classname="apis.GetUserByNameTest" name="getUserPositive" time="1.137"/>
  <testcase classname="apis.DeleteUserTest" name="deleteUserPositive" time="1.146"/>
  <testcase classname="apis.UpdateUserTest" name="updateUserNegative" time="1.153"/>
  <testcase classname="base.BaseTest" name="@BeforeSuite setup" time="0.0">
    <ignored/>
  </testcase> <!-- @BeforeSuite setup -->
  <testcase classname="base.BaseTest" name="@AfterSuite tearDown" time="0.0">
    <ignored/>
  </testcase> <!-- @AfterSuite tearDown -->
  <testcase classname="base.BaseTest" name="@AfterSuite tearDown" time="0.0">
    <ignored/>
  </testcase> <!-- @AfterSuite tearDown -->
  <testcase classname="base.BaseTest" name="@BeforeSuite setup" time="0.0">
    <ignored/>
  </testcase> <!-- @BeforeSuite setup -->
  <testcase classname="base.BaseTest" name="@AfterSuite tearDown" time="0.0">
    <ignored/>
  </testcase> <!-- @AfterSuite tearDown -->
  <testcase classname="base.BaseTest" name="@AfterSuite tearDown" time="0.0">
    <ignored/>
  </testcase> <!-- @AfterSuite tearDown -->
  <testcase classname="base.BaseTest" name="@BeforeSuite setup" time="0.0">
    <ignored/>
  </testcase> <!-- @BeforeSuite setup -->
  <testcase classname="base.BaseTest" name="@BeforeSuite setup" time="0.0">
    <ignored/>
  </testcase> <!-- @BeforeSuite setup -->
</testsuite> <!-- Test -->
